1637571745755	geckodriver	INFO	Listening on 127.0.0.1:52535
1637572152491	geckodriver	INFO	Listening on 127.0.0.1:46075
1637572153017	mozrunner::runner	INFO	Running command: "/usr/bin/firefox" "--marionette" "--remote-debugging-port" "37829" "-no-remote" "-profile" "/tmp/rust_mozprofileYVXlll"
1637572155263	Marionette	INFO	Marionette enabled
console.warn: SearchSettings: "get: No settings file exists, new profile?" (new NotFoundError("Could not open the file at /tmp/rust_mozprofileYVXlll/search.json.mozlz4", (void 0)))
DevTools listening on ws://localhost:37829/devtools/browser/db921954-69c9-4169-b7d5-21070e71a146
1637572157044	Marionette	INFO	Listening on port 34845
1637572157141	RemoteAgent	WARN	TLS certificate errors will be ignored for this session
1637572208074	geckodriver	INFO	Listening on 127.0.0.1:42447
1637572208078	mozrunner::runner	INFO	Running command: "/usr/bin/firefox" "--marionette" "--remote-debugging-port" "40019" "-no-remote" "-profile" "/tmp/rust_mozprofileSeNFBF"
1637572209395	Marionette	INFO	Marionette enabled
console.warn: SearchSettings: "get: No settings file exists, new profile?" (new NotFoundError("Could not open the file at /tmp/rust_mozprofileSeNFBF/search.json.mozlz4", (void 0)))
DevTools listening on ws://localhost:40019/devtools/browser/743f6508-f092-427a-a7f0-2ab407e1f228
1637572210936	Marionette	INFO	Listening on port 34595
1637572211002	RemoteAgent	WARN	TLS certificate errors will be ignored for this session
console.error: Region.jsm: "Error fetching region" (new Error("TIMEOUT", "resource://gre/modules/Region.jsm", 772))
console.error: Region.jsm: "Failed to fetch region" (new Error("TIMEOUT", "resource://gre/modules/Region.jsm", 419))
1637572269777	geckodriver	INFO	Listening on 127.0.0.1:33529
1637572269782	mozrunner::runner	INFO	Running command: "/usr/bin/firefox" "--marionette" "--remote-debugging-port" "57491" "-no-remote" "-profile" "/tmp/rust_mozprofileJxSS6R"
1637572271218	Marionette	INFO	Marionette enabled
console.warn: SearchSettings: "get: No settings file exists, new profile?" (new NotFoundError("Could not open the file at /tmp/rust_mozprofileJxSS6R/search.json.mozlz4", (void 0)))
DevTools listening on ws://localhost:57491/devtools/browser/32868456-ec9c-4cea-a073-e3ae45b01b72
1637572273013	Marionette	INFO	Listening on port 46065
1637572273105	RemoteAgent	WARN	TLS certificate errors will be ignored for this session
1637572312830	geckodriver	INFO	Listening on 127.0.0.1:47027
1637572312834	mozrunner::runner	INFO	Running command: "/usr/bin/firefox" "--marionette" "--remote-debugging-port" "55955" "-no-remote" "-profile" "/tmp/rust_mozprofileM2q1UB"
1637572314586	Marionette	INFO	Marionette enabled
console.warn: SearchSettings: "get: No settings file exists, new profile?" (new NotFoundError("Could not open the file at /tmp/rust_mozprofileM2q1UB/search.json.mozlz4", (void 0)))
DevTools listening on ws://localhost:55955/devtools/browser/053bb773-82d6-49cf-a8af-5433f40df71d
1637572315923	Marionette	INFO	Listening on port 39023
1637572315993	RemoteAgent	WARN	TLS certificate errors will be ignored for this session
